<?xml version="1.0" encoding="UTF-8"?>
<!-- Generated by org.testng.reporters.JUnitReportReporter -->
<testsuite hostname="IN-B4DMTX3" failures="0" tests="1" name="BDD.Get_Demo1" time="0.010" errors="0" timestamp="2024-07-12T17:37:36 IST" skipped="0">
  <testcase classname="BDD.Get_Demo1" name="TC_1" time="0.010"/>
  <system-out/>
</testsuite> <!-- BDD.Get_Demo1 -->
