<?xml version="1.0" encoding="UTF-8"?>
<!-- Generated by org.testng.reporters.JUnitReportReporter -->
<testsuite hostname="IN-B4DMTX3" failures="0" tests="1" name="BrowserStack.ChromRunner" time="0.106" errors="0" timestamp="2024-07-16T13:00:00 IST" skipped="0">
  <testcase classname="BrowserStack.ChromRunner" name="TC1" time="0.106"/>
  <system-out/>
</testsuite> <!-- BrowserStack.ChromRunner -->
