<?xml version="1.0" encoding="UTF-8"?>
<!-- Generated by org.testng.reporters.JUnitReportReporter -->
<testsuite hostname="IN-B4DMTX3" failures="0" tests="1" name="BrowserStack.MobileBrowser" time="0.194" errors="0" timestamp="2024-07-16T14:02:08 IST" skipped="0">
  <testcase classname="BrowserStack.MobileBrowser" name="TC1" time="0.194"/>
  <system-out/>
</testsuite> <!-- BrowserStack.MobileBrowser -->
