<?xml version="1.0" encoding="UTF-8"?>
<!-- Generated by org.testng.reporters.JUnitReportReporter -->
<testsuite hostname="IN-B4DMTX3" failures="0" tests="1" name="BrowserStack.ChromRunner" time="0.112" errors="0" timestamp="2024-07-18T14:18:08 IST" skipped="0">
  <testcase classname="BrowserStack.ChromRunner" name="TC1" time="0.112"/>
  <system-out/>
</testsuite> <!-- BrowserStack.ChromRunner -->
