<?xml version="1.0" encoding="UTF-8"?>
<!-- Generated by org.testng.reporters.JUnitReportReporter -->
<testsuite hostname="IN-B4DMTX3" failures="0" tests="1" name="BrowserStack.ApkAndriodDevice" time="0.004" errors="0" timestamp="2024-07-16T14:48:04 IST" skipped="0">
  <testcase classname="BrowserStack.ApkAndriodDevice" name="Tc1" time="0.004"/>
  <system-out/>
</testsuite> <!-- BrowserStack.ApkAndriodDevice -->
