<?xml version="1.0" encoding="UTF-8"?>
<!-- Generated by org.testng.reporters.JUnitReportReporter -->
<testsuite hostname="IN-B4DMTX3" failures="0" tests="1" name="BrowserStack.Chromeunner" time="0.099" errors="0" timestamp="2024-07-16T12:57:31 IST" skipped="0">
  <testcase classname="BrowserStack.Chromeunner" name="TC1" time="0.099"/>
  <system-out/>
</testsuite> <!-- BrowserStack.Chromeunner -->
