<?xml version="1.0" encoding="UTF-8"?>
<!-- Generated by org.testng.reporters.JUnitReportReporter -->
<testsuite hostname="IN-B4DMTX3" failures="0" tests="1" name="BrowserStack.MobileIphone14" time="0.197" errors="0" timestamp="2024-07-16T14:45:02 IST" skipped="0">
  <testcase classname="BrowserStack.MobileIphone14" name="TC1" time="0.197"/>
  <system-out/>
</testsuite> <!-- BrowserStack.MobileIphone14 -->
