<?xml version="1.0" encoding="UTF-8"?>
<!-- Generated by org.testng.reporters.JUnitReportReporter -->
<testsuite hostname="IN-B4DMTX3" failures="0" tests="1" name="BDD.Get_Demo1" time="0.003" errors="0" timestamp="2024-07-11T15:30:35 IST" skipped="0">
  <testcase classname="BDD.Get_Demo1" name="tc1" time="0.003"/>
  <system-out/>
</testsuite> <!-- BDD.Get_Demo1 -->
